999
788 427
280 524
95 341
237 919
676 37
835 343
404
467
756
204 801
408 685
30 949
915 344
604
356
62
220
991 337
64 373
650
738
703 894
242 661
961 126
13
773 945
521 548
155 686
643 238
750 782
65 478
672
978
821
121
576
473
294
776
963
652
836
666 816
452 114
685 295
887
508
572 841
733
7
501 151
51 668
935
971
958 535
973 97
742
816 705
869
986
0 635
730
217
992
182 55
729
253 114
120
884 46
554
484 221
316
56
212
402 737
238 674
550
997
308
586 289
518 797
907
394 459
421
541
476 513
861 424
895
629
853 866
536
131 365
828 262
979 355
334
916 291
236 585
311
86 535
874
553 116
234 698
530
80 198
382 257
970
176
924
489
721 934
323
667
83
94 375
11
250 195
331 618
934 88
779
115 813
365 437
368 8
153 185
791
122
762 758
267
259 528
415 892
928 496
595 108
902 427
77
782 257
872 940
778
877
831
556
282
607 996
622 386
139
513 385
498 542
149
403 753
611
46 929
460
797 837
694
632 566
752 988
18 401
448
900
755
593
823
794 590
263 818
714 856
609 185
808 96
977 157
318 697
706
210
49 162
626
444 158
514
602
631 940
993 116
124 665
717 558
205
657 898
886
793 871
87
424 226
739
260
487 330
840 668
372 295
995 117
658
166
668 126
141
170
239
114 461
339 481
736
297 336
302
795 904
275
724
140
42
656
373 55
893
462
677
727
644
947 545
168 697
557
639
497
998
504
374
245
251
624 93
510 161
312
235
407 57
35
927 600
492 868
630 459
929 726
674 705
99 129
956 617
711 932
996 307
482 207
105 126
532
952 341
329
741
503 590
24
495 152
817 837
189
844
563 715
422 841
10 417
753 957
266 696
173 101
654
545 716
945 637
367
79 344
28
862 471
22
933
305
904 883
345 165
216
203
386 471
361
680
37 837
161 388
944
158 789
453
162 69
147 6
833 461
379
620 454
73
66 118
810 434
767
221 577
284
319
870
145
405 183
258
932 150
829
725
834 577
538
511 130
796 636
478 414
544 957
322 517
731 617
378
506
381
387
330 84
222
766
169 336
112
670 223
505
737 891
270 252
972
103
679
111
313
347
534 343
640
283
442
171 146
764
551
14
559
760 751
146 608
866 207
272
483
183 129
364
876 273
58 59
868 548
315
301
745
901 974
883 873
701 695
984 625
633 912
939
638
479
743
240
689 84
686 579
480
619 401
172 990
571 763
625 564
102 579
623
133 580
936
659 699
549
423
581 335
507
233
34
987
463
803
522 824
8 946
218 353
898 726
344 524
591
548 653
851
213
257 846
100
191 295
82 371
568 91
32 388
433
164
27 96
439
388 651
965 585
949 806
163 390
562 108
830
908
396
81
470 355
419 137
418 85
646
889
292
466 67
179
923
454 599
398 36
190 525
214 558
792
838 175
781 684
744 52
608 71
60
921
964
429
637 269
496 740
662 665
807
950
2 909
76 215
412
21
919 636
669
306 375
123 618
955
849
285 188
335 985
438 47
800 897
635 698
144 273
208
193
5
481 673
332
247
274
547 143
894 359
846 475
348
910 414
327 618
570
653 40
375 138
709 355
256 198
357
785
261
734
370
289 566
769 873
228
286
681 577
98
749 437
392 698
564 824
699 118
809
54 350
178
428 471
211
291 434
937 660
449 262
414 529
130 858
560
119 999
441
951
16
628 525
15 528
765 410
353 695
446
296
502
45
249 700
493
540
663
278
328
434 40
957 71
648
445 215
815
814 93
384 93
181
911 710
320
655
262 383
512 698
740 537
975
92
867
600 108
948
768
298
664 471
683 696
520
175 295
524 783
617 288
989
337 651
350 953
959
346
125
117 943
151 474
988 338
194
351
527 206
710 580
754
413 40
132
376 447
110
850
770 705
826
229
366 941
647
310 946
219
67 801
598 36
953 918
43
813 960
543 243
84 871
922
812
757
486
142
759 26
52 705
804
459 26
241
401 601
279
437 798
627
108 882
494 475
129 321
897 705
224 471
186
526
865
70
359 134
230
708
854
200 982
980 943
523 918
806 990
276
113
839
732
160 824
128 871
575
519
566 465
74
802
468
116 20
426 661
393
660 573
917
542 410
38
1
244 464
136
758 61
167
859
425
380
665 583
613
416
982 71
722
184
931
377
940 447
590 697
3
135
157 892
101 443
40 891
555
565
715 336
180 517
585 490
152 341
943 137
197
474 264
165 96
837 634
942
265
820
515
499
990 832
293
700 918
616
819
855
340
397
456
343 252
290 295
871 355
682
39
561
567
137 726
475 873
516
383 269
891 227
671
684 355
321 104
720 603
41
326
159
324 85
271 223
215 71
888
852
17
199 93
707
863
109
985 134
552 195
994
134 580
457
651 974
451
856 226
465 587
588
138 726
225
44 12
824 185
53 246
843
29
188 432
599 26
369
89
464 615
488
875
612 469
695 726
19
352
420
177
90
698 912
85 636
264 801
185 246
735 578
187
878
342
391
692
723
962
248 634
592
860
69 636
726 801
307 206
642
325
845
535 912
597
91 207
784
780
531
432 273
143 517
832 529
690
435
299
787
601 104
371 150
490 999
693
400
461 59
790
918 341
6 231
273 579
966
578 636
728
458 336
338 946
31 892
246 118
207 675
23
811
763 697
198 892
192
842
411
232
517 96
469 410
678
529 661
12 920
892 798
688
603 223
583 295
430
954
798 126
106
304 818
269 447
912 525
68 705
675 455
864
772
946 634
410 61
903 696
967 661
363 71
539
156 97
417 399
582 673
268
827
471 636
195 882
606
537 36
899
914
317
126 385
801 206
885 587
687
72 443
558 881
395 634
848
148
491
509
920 879
847 59
645
243 206
999 789
389
472
774 615
341 705
857 879
63
941 783
300
33
500
390 528
75
649
59 97
771
333
528 587
786
61 355
71 88
746
719
976
409 93
896
636 580
594
48
202
4
427 858
533
9
309
118 206
55 36
150 615
748
385 930
596
589 577
277
712
355 818
969
362
858 618
775
50
713
577 288
406
841 580
751 573
974 573
360
358
450
431
718
822
287
880
906
88 20
913
574
255
818 223
938
201
295 104
925
618 26
621
25
983
579 231
968 97
890
127
705 930
697 805
227 447
584
673 47
206 399
882 26
960 525
641
546
702
825 447
96 615
78
777
252 57
399 97
57 661
223 881
716 580
314
573 805
930 805
443 336
154
447 336
288 97
336 981
525 231
569
909 36
303
93 36
614
696 634
226 20
254
26 587
174
881 36
873 879
691
783 104
615 805
349
455 47
704
805 20
209
231 661
196
605
281
634 981
661 580
107
485
610
587 981
879 97
789 97
747
580 104
440
436
761
354
97 20
981 20
926
36 20
799
477
905
47 20
20 104
